{"C:\\Users\\padua\\Desktop\\omie-whatsapp-integration\\src\\config\\env.ts": {"path":"C:\\Users\\padua\\Desktop\\omie-whatsapp-integration\\src\\config\\env.ts","statementMap":{"0":{"start":{"line":1,"column":0},"end":{"line":1,"column":28}},"1":{"start":{"line":3,"column":0},"end":{"line":3,"column":16}},"2":{"start":{"line":5,"column":13},"end":{"line":5,"column":59}},"3":{"start":{"line":6,"column":13},"end":{"line":6,"column":65}},"4":{"start":{"line":7,"column":13},"end":{"line":7,"column":67}},"5":{"start":{"line":8,"column":13},"end":{"line":8,"column":67}}},"fnMap":{},"branchMap":{"0":{"loc":{"start":{"line":5,"column":28},"end":{"line":5,"column":58}},"type":"binary-expr","locations":[{"start":{"line":5,"column":28},"end":{"line":5,"column":52}},{"start":{"line":5,"column":56},"end":{"line":5,"column":58}}]},"1":{"loc":{"start":{"line":6,"column":31},"end":{"line":6,"column":64}},"type":"binary-expr","locations":[{"start":{"line":6,"column":31},"end":{"line":6,"column":58}},{"start":{"line":6,"column":62},"end":{"line":6,"column":64}}]},"2":{"loc":{"start":{"line":7,"column":32},"end":{"line":7,"column":66}},"type":"binary-expr","locations":[{"start":{"line":7,"column":32},"end":{"line":7,"column":60}},{"start":{"line":7,"column":64},"end":{"line":7,"column":66}}]},"3":{"loc":{"start":{"line":8,"column":32},"end":{"line":8,"column":66}},"type":"binary-expr","locations":[{"start":{"line":8,"column":32},"end":{"line":8,"column":60}},{"start":{"line":8,"column":64},"end":{"line":8,"column":66}}]}},"s":{"0":3,"1":3,"2":3,"3":3,"4":3,"5":3},"f":{},"b":{"0":[3,0],"1":[3,0],"2":[3,0],"3":[3,0]}}
,"C:\\Users\\padua\\Desktop\\omie-whatsapp-integration\\src\\services\\notificationLogic.ts": {"path":"C:\\Users\\padua\\Desktop\\omie-whatsapp-integration\\src\\services\\notificationLogic.ts","statementMap":{"0":{"start":{"line":1,"column":0},"end":{"line":1,"column":54}},"1":{"start":{"line":2,"column":0},"end":{"line":2,"column":51}},"2":{"start":{"line":5,"column":43},"end":{"line":35,"column":2}},"3":{"start":{"line":10,"column":4},"end":{"line":35,"column":2}},"4":{"start":{"line":11,"column":2},"end":{"line":34,"column":3}},"5":{"start":{"line":12,"column":4},"end":{"line":12,"column":68}},"6":{"start":{"line":13,"column":19},"end":{"line":13,"column":53}},"7":{"start":{"line":14,"column":4},"end":{"line":14,"column":64}},"8":{"start":{"line":16,"column":19},"end":{"line":16,"column":21}},"9":{"start":{"line":18,"column":4},"end":{"line":25,"column":5}},"10":{"start":{"line":19,"column":6},"end":{"line":19,"column":68}},"11":{"start":{"line":20,"column":11},"end":{"line":25,"column":5}},"12":{"start":{"line":21,"column":6},"end":{"line":21,"column":80}},"13":{"start":{"line":23,"column":6},"end":{"line":23,"column":79}},"14":{"start":{"line":24,"column":6},"end":{"line":24,"column":75}},"15":{"start":{"line":27,"column":4},"end":{"line":27,"column":76}},"16":{"start":{"line":28,"column":4},"end":{"line":28,"column":53}},"17":{"start":{"line":29,"column":4},"end":{"line":29,"column":72}},"18":{"start":{"line":30,"column":4},"end":{"line":30,"column":74}},"19":{"start":{"line":32,"column":4},"end":{"line":32,"column":99}},"20":{"start":{"line":33,"column":4},"end":{"line":33,"column":37}},"21":{"start":{"line":5,"column":13},"end":{"line":5,"column":43}}},"fnMap":{"0":{"name":"(anonymous_7)","decl":{"start":{"line":5,"column":43},"end":{"line":5,"column":null}},"loc":{"start":{"line":10,"column":4},"end":{"line":35,"column":2}}},"1":{"name":"(anonymous_8)","decl":{"start":{"line":10,"column":4},"end":{"line":10,"column":null}},"loc":{"start":{"line":9,"column":35},"end":{"line":35,"column":1}}}},"branchMap":{"0":{"loc":{"start":{"line":8,"column":2},"end":{"line":8,"column":40}},"type":"default-arg","locations":[{"start":{"line":8,"column":19},"end":{"line":8,"column":40}}]},"1":{"loc":{"start":{"line":9,"column":2},"end":{"line":9,"column":35}},"type":"default-arg","locations":[{"start":{"line":9,"column":21},"end":{"line":9,"column":35}}]},"2":{"loc":{"start":{"line":18,"column":4},"end":{"line":25,"column":5}},"type":"if","locations":[{"start":{"line":18,"column":4},"end":{"line":25,"column":5}},{"start":{"line":20,"column":11},"end":{"line":25,"column":5}}]},"3":{"loc":{"start":{"line":20,"column":11},"end":{"line":25,"column":5}},"type":"if","locations":[{"start":{"line":20,"column":11},"end":{"line":25,"column":5}},{"start":{"line":22,"column":11},"end":{"line":25,"column":5}}]}},"s":{"0":1,"1":1,"2":1,"3":3,"4":3,"5":3,"6":3,"7":2,"8":2,"9":2,"10":1,"11":1,"12":0,"13":1,"14":1,"15":1,"16":1,"17":1,"18":1,"19":1,"20":1,"21":1},"f":{"0":3,"1":3},"b":{"0":[0],"1":[0],"2":[1,1],"3":[0,1]}}
,"C:\\Users\\padua\\Desktop\\omie-whatsapp-integration\\src\\services\\notificationService.ts": {"path":"C:\\Users\\padua\\Desktop\\omie-whatsapp-integration\\src\\services\\notificationService.ts","statementMap":{"0":{"start":{"line":1,"column":0},"end":{"line":1,"column":46}},"1":{"start":{"line":2,"column":0},"end":{"line":2,"column":51}},"2":{"start":{"line":5,"column":36},"end":{"line":35,"column":2}},"3":{"start":{"line":5,"column":47},"end":{"line":35,"column":2}},"4":{"start":{"line":6,"column":2},"end":{"line":6,"column":74}},"5":{"start":{"line":7,"column":18},"end":{"line":7,"column":39}},"6":{"start":{"line":9,"column":2},"end":{"line":34,"column":3}},"7":{"start":{"line":10,"column":18},"end":{"line":10,"column":20}},"8":{"start":{"line":11,"column":4},"end":{"line":11,"column":65}},"9":{"start":{"line":13,"column":4},"end":{"line":26,"column":5}},"10":{"start":{"line":15,"column":8},"end":{"line":15,"column":76}},"11":{"start":{"line":16,"column":8},"end":{"line":16,"column":14}},"12":{"start":{"line":18,"column":8},"end":{"line":18,"column":88}},"13":{"start":{"line":19,"column":8},"end":{"line":19,"column":14}},"14":{"start":{"line":21,"column":8},"end":{"line":21,"column":111}},"15":{"start":{"line":22,"column":8},"end":{"line":22,"column":14}},"16":{"start":{"line":24,"column":8},"end":{"line":24,"column":81}},"17":{"start":{"line":25,"column":8},"end":{"line":25,"column":17}},"18":{"start":{"line":28,"column":4},"end":{"line":33,"column":5}},"19":{"start":{"line":30,"column":6},"end":{"line":30,"column":85}},"20":{"start":{"line":31,"column":6},"end":{"line":31,"column":61}},"21":{"start":{"line":32,"column":6},"end":{"line":32,"column":88}},"22":{"start":{"line":5,"column":13},"end":{"line":5,"column":36}}},"fnMap":{"0":{"name":"(anonymous_7)","decl":{"start":{"line":5,"column":36},"end":{"line":5,"column":45}},"loc":{"start":{"line":5,"column":47},"end":{"line":35,"column":2}}},"1":{"name":"(anonymous_8)","decl":{"start":{"line":5,"column":47},"end":{"line":5,"column":null}},"loc":{"start":{"line":5,"column":47},"end":{"line":35,"column":1}}}},"branchMap":{"0":{"loc":{"start":{"line":13,"column":4},"end":{"line":26,"column":5}},"type":"switch","locations":[{"start":{"line":14,"column":6},"end":{"line":16,"column":14}},{"start":{"line":17,"column":6},"end":{"line":19,"column":14}},{"start":{"line":20,"column":6},"end":{"line":22,"column":14}},{"start":{"line":23,"column":6},"end":{"line":25,"column":17}}]},"1":{"loc":{"start":{"line":28,"column":4},"end":{"line":33,"column":5}},"type":"if","locations":[{"start":{"line":28,"column":4},"end":{"line":33,"column":5}}]}},"s":{"0":1,"1":1,"2":1,"3":2,"4":2,"5":2,"6":2,"7":2,"8":2,"9":2,"10":1,"11":1,"12":0,"13":0,"14":0,"15":0,"16":1,"17":1,"18":1,"19":1,"20":1,"21":1,"22":1},"f":{"0":2,"1":2},"b":{"0":[1,0,0,1],"1":[1]}}
,"C:\\Users\\padua\\Desktop\\omie-whatsapp-integration\\src\\services\\omieService.ts": {"path":"C:\\Users\\padua\\Desktop\\omie-whatsapp-integration\\src\\services\\omieService.ts","statementMap":{"0":{"start":{"line":2,"column":0},"end":{"line":2,"column":26}},"1":{"start":{"line":4,"column":21},"end":{"line":4,"column":45}},"2":{"start":{"line":5,"column":24},"end":{"line":5,"column":51}},"3":{"start":{"line":7,"column":22},"end":{"line":7,"column":55}},"4":{"start":{"line":10,"column":29},"end":{"line":27,"column":2}},"5":{"start":{"line":10,"column":40},"end":{"line":27,"column":2}},"6":{"start":{"line":11,"column":15},"end":{"line":16,"column":4}},"7":{"start":{"line":18,"column":2},"end":{"line":26,"column":3}},"8":{"start":{"line":19,"column":4},"end":{"line":19,"column":39}},"9":{"start":{"line":20,"column":21},"end":{"line":20,"column":79}},"10":{"start":{"line":21,"column":4},"end":{"line":21,"column":64}},"11":{"start":{"line":22,"column":4},"end":{"line":22,"column":25}},"12":{"start":{"line":24,"column":4},"end":{"line":24,"column":52}},"13":{"start":{"line":25,"column":4},"end":{"line":25,"column":59}},"14":{"start":{"line":10,"column":13},"end":{"line":10,"column":29}},"15":{"start":{"line":30,"column":37},"end":{"line":57,"column":2}},"16":{"start":{"line":30,"column":68},"end":{"line":57,"column":2}},"17":{"start":{"line":31,"column":15},"end":{"line":36,"column":4}},"18":{"start":{"line":38,"column":2},"end":{"line":56,"column":3}},"19":{"start":{"line":39,"column":4},"end":{"line":39,"column":65}},"20":{"start":{"line":40,"column":21},"end":{"line":40,"column":79}},"21":{"start":{"line":41,"column":19},"end":{"line":41,"column":35}},"22":{"start":{"line":43,"column":4},"end":{"line":48,"column":5}},"23":{"start":{"line":44,"column":6},"end":{"line":44,"column":72}},"24":{"start":{"line":45,"column":6},"end":{"line":45,"column":27}},"25":{"start":{"line":47,"column":6},"end":{"line":47,"column":48}},"26":{"start":{"line":50,"column":4},"end":{"line":53,"column":5}},"27":{"start":{"line":51,"column":6},"end":{"line":51,"column":98}},"28":{"start":{"line":52,"column":6},"end":{"line":52,"column":78}},"29":{"start":{"line":54,"column":4},"end":{"line":54,"column":47}},"30":{"start":{"line":55,"column":4},"end":{"line":55,"column":72}},"31":{"start":{"line":30,"column":13},"end":{"line":30,"column":37}},"32":{"start":{"line":60,"column":30},"end":{"line":75,"column":2}},"33":{"start":{"line":60,"column":41},"end":{"line":75,"column":2}},"34":{"start":{"line":61,"column":15},"end":{"line":66,"column":4}},"35":{"start":{"line":68,"column":2},"end":{"line":74,"column":3}},"36":{"start":{"line":69,"column":21},"end":{"line":69,"column":78}},"37":{"start":{"line":70,"column":4},"end":{"line":70,"column":25}},"38":{"start":{"line":72,"column":4},"end":{"line":72,"column":53}},"39":{"start":{"line":73,"column":4},"end":{"line":73,"column":60}},"40":{"start":{"line":60,"column":13},"end":{"line":60,"column":30}},"41":{"start":{"line":78,"column":36},"end":{"line":93,"column":2}},"42":{"start":{"line":78,"column":47},"end":{"line":93,"column":2}},"43":{"start":{"line":79,"column":15},"end":{"line":84,"column":4}},"44":{"start":{"line":86,"column":2},"end":{"line":92,"column":3}},"45":{"start":{"line":87,"column":21},"end":{"line":87,"column":85}},"46":{"start":{"line":88,"column":4},"end":{"line":88,"column":25}},"47":{"start":{"line":90,"column":4},"end":{"line":90,"column":61}},"48":{"start":{"line":91,"column":4},"end":{"line":91,"column":68}},"49":{"start":{"line":78,"column":13},"end":{"line":78,"column":36}},"50":{"start":{"line":96,"column":43},"end":{"line":111,"column":2}},"51":{"start":{"line":96,"column":54},"end":{"line":111,"column":2}},"52":{"start":{"line":97,"column":15},"end":{"line":102,"column":4}},"53":{"start":{"line":104,"column":2},"end":{"line":110,"column":3}},"54":{"start":{"line":105,"column":21},"end":{"line":105,"column":85}},"55":{"start":{"line":106,"column":4},"end":{"line":106,"column":25}},"56":{"start":{"line":108,"column":4},"end":{"line":108,"column":74}},"57":{"start":{"line":109,"column":4},"end":{"line":109,"column":81}},"58":{"start":{"line":96,"column":13},"end":{"line":96,"column":43}}},"fnMap":{"0":{"name":"(anonymous_8)","decl":{"start":{"line":10,"column":29},"end":{"line":10,"column":38}},"loc":{"start":{"line":10,"column":40},"end":{"line":27,"column":2}}},"1":{"name":"(anonymous_9)","decl":{"start":{"line":10,"column":40},"end":{"line":10,"column":null}},"loc":{"start":{"line":10,"column":40},"end":{"line":27,"column":1}}},"2":{"name":"(anonymous_10)","decl":{"start":{"line":30,"column":37},"end":{"line":30,"column":44}},"loc":{"start":{"line":30,"column":68},"end":{"line":57,"column":2}}},"3":{"name":"(anonymous_11)","decl":{"start":{"line":30,"column":68},"end":{"line":30,"column":null}},"loc":{"start":{"line":30,"column":68},"end":{"line":57,"column":1}}},"4":{"name":"(anonymous_12)","decl":{"start":{"line":60,"column":30},"end":{"line":60,"column":39}},"loc":{"start":{"line":60,"column":41},"end":{"line":75,"column":2}}},"5":{"name":"(anonymous_13)","decl":{"start":{"line":60,"column":41},"end":{"line":60,"column":null}},"loc":{"start":{"line":60,"column":41},"end":{"line":75,"column":1}}},"6":{"name":"(anonymous_14)","decl":{"start":{"line":78,"column":36},"end":{"line":78,"column":45}},"loc":{"start":{"line":78,"column":47},"end":{"line":93,"column":2}}},"7":{"name":"(anonymous_15)","decl":{"start":{"line":78,"column":47},"end":{"line":78,"column":null}},"loc":{"start":{"line":78,"column":47},"end":{"line":93,"column":1}}},"8":{"name":"(anonymous_16)","decl":{"start":{"line":96,"column":43},"end":{"line":96,"column":52}},"loc":{"start":{"line":96,"column":54},"end":{"line":111,"column":2}}},"9":{"name":"(anonymous_17)","decl":{"start":{"line":96,"column":54},"end":{"line":96,"column":null}},"loc":{"start":{"line":96,"column":54},"end":{"line":111,"column":1}}}},"branchMap":{"0":{"loc":{"start":{"line":43,"column":4},"end":{"line":48,"column":5}},"type":"if","locations":[{"start":{"line":43,"column":4},"end":{"line":48,"column":5}},{"start":{"line":46,"column":11},"end":{"line":48,"column":5}}]},"1":{"loc":{"start":{"line":50,"column":4},"end":{"line":53,"column":5}},"type":"if","locations":[{"start":{"line":50,"column":4},"end":{"line":53,"column":5}}]},"2":{"loc":{"start":{"line":51,"column":59},"end":{"line":51,"column":96}},"type":"binary-expr","locations":[{"start":{"line":51,"column":59},"end":{"line":51,"column":79}},{"start":{"line":51,"column":83},"end":{"line":51,"column":96}}]},"3":{"loc":{"start":{"line":51,"column":59},"end":{"line":51,"column":79}},"type":"cond-expr","locations":[{"start":{"line":51,"column":73},"end":{"line":51,"column":75}},{"start":{"line":51,"column":73},"end":{"line":51,"column":79}}]},"4":{"loc":{"start":{"line":51,"column":59},"end":{"line":51,"column":75}},"type":"binary-expr","locations":[{"start":{"line":51,"column":59},"end":{"line":51,"column":75}},{"start":{"line":51,"column":73},"end":{"line":51,"column":75}}]}},"s":{"0":3,"1":3,"2":3,"3":3,"4":3,"5":2,"6":2,"7":2,"8":2,"9":2,"10":1,"11":1,"12":1,"13":1,"14":3,"15":3,"16":0,"17":0,"18":0,"19":0,"20":0,"21":0,"22":0,"23":0,"24":0,"25":0,"26":0,"27":0,"28":0,"29":0,"30":0,"31":3,"32":3,"33":2,"34":2,"35":2,"36":2,"37":1,"38":1,"39":1,"40":3,"41":3,"42":2,"43":2,"44":2,"45":2,"46":1,"47":1,"48":1,"49":3,"50":3,"51":2,"52":2,"53":2,"54":2,"55":1,"56":1,"57":1,"58":3},"f":{"0":2,"1":2,"2":0,"3":0,"4":2,"5":2,"6":2,"7":2,"8":2,"9":2},"b":{"0":[0,0],"1":[0],"2":[0,0],"3":[0,0],"4":[0,0]}}
,"C:\\Users\\padua\\Desktop\\omie-whatsapp-integration\\src\\services\\whatsappService.ts": {"path":"C:\\Users\\padua\\Desktop\\omie-whatsapp-integration\\src\\services\\whatsappService.ts","statementMap":{"0":{"start":{"line":1,"column":0},"end":{"line":1,"column":42}},"1":{"start":{"line":2,"column":0},"end":{"line":2,"column":67}},"2":{"start":{"line":11,"column":30},"end":{"line":46,"column":2}},"3":{"start":{"line":14,"column":31},"end":{"line":46,"column":2}},"4":{"start":{"line":15,"column":15},"end":{"line":19,"column":4}},"5":{"start":{"line":21,"column":2},"end":{"line":45,"column":3}},"6":{"start":{"line":22,"column":4},"end":{"line":22,"column":66}},"7":{"start":{"line":23,"column":21},"end":{"line":25,"column":6}},"8":{"start":{"line":27,"column":4},"end":{"line":27,"column":64}},"9":{"start":{"line":28,"column":4},"end":{"line":28,"column":25}},"10":{"start":{"line":30,"column":4},"end":{"line":41,"column":5}},"11":{"start":{"line":31,"column":6},"end":{"line":34,"column":8}},"12":{"start":{"line":37,"column":6},"end":{"line":40,"column":8}},"13":{"start":{"line":43,"column":4},"end":{"line":43,"column":47}},"14":{"start":{"line":44,"column":4},"end":{"line":44,"column":52}},"15":{"start":{"line":11,"column":13},"end":{"line":11,"column":30}}},"fnMap":{"0":{"name":"(anonymous_8)","decl":{"start":{"line":11,"column":30},"end":{"line":11,"column":null}},"loc":{"start":{"line":14,"column":31},"end":{"line":46,"column":2}}},"1":{"name":"(anonymous_9)","decl":{"start":{"line":14,"column":31},"end":{"line":14,"column":null}},"loc":{"start":{"line":14,"column":31},"end":{"line":46,"column":1}}}},"branchMap":{"0":{"loc":{"start":{"line":30,"column":4},"end":{"line":41,"column":5}},"type":"if","locations":[{"start":{"line":30,"column":4},"end":{"line":41,"column":5}}]},"1":{"loc":{"start":{"line":33,"column":8},"end":{"line":33,"column":45}},"type":"binary-expr","locations":[{"start":{"line":33,"column":8},"end":{"line":33,"column":28}},{"start":{"line":33,"column":32},"end":{"line":33,"column":45}}]},"2":{"loc":{"start":{"line":33,"column":8},"end":{"line":33,"column":28}},"type":"cond-expr","locations":[{"start":{"line":33,"column":22},"end":{"line":33,"column":24}},{"start":{"line":33,"column":22},"end":{"line":33,"column":28}}]},"3":{"loc":{"start":{"line":33,"column":8},"end":{"line":33,"column":24}},"type":"binary-expr","locations":[{"start":{"line":33,"column":8},"end":{"line":33,"column":24}},{"start":{"line":33,"column":22},"end":{"line":33,"column":24}}]},"4":{"loc":{"start":{"line":39,"column":15},"end":{"line":39,"column":59}},"type":"binary-expr","locations":[{"start":{"line":39,"column":15},"end":{"line":39,"column":42}},{"start":{"line":39,"column":46},"end":{"line":39,"column":59}}]},"5":{"loc":{"start":{"line":39,"column":15},"end":{"line":39,"column":42}},"type":"cond-expr","locations":[{"start":{"line":39,"column":35},"end":{"line":39,"column":37}},{"start":{"line":39,"column":35},"end":{"line":39,"column":42}}]},"6":{"loc":{"start":{"line":39,"column":15},"end":{"line":39,"column":37}},"type":"binary-expr","locations":[{"start":{"line":39,"column":15},"end":{"line":39,"column":37}},{"start":{"line":39,"column":35},"end":{"line":39,"column":37}}]},"7":{"loc":{"start":{"line":39,"column":15},"end":{"line":39,"column":35}},"type":"cond-expr","locations":[{"start":{"line":39,"column":29},"end":{"line":39,"column":31}},{"start":{"line":39,"column":29},"end":{"line":39,"column":35}}]},"8":{"loc":{"start":{"line":39,"column":15},"end":{"line":39,"column":31}},"type":"binary-expr","locations":[{"start":{"line":39,"column":15},"end":{"line":39,"column":31}},{"start":{"line":39,"column":29},"end":{"line":39,"column":31}}]}},"s":{"0":3,"1":3,"2":3,"3":4,"4":4,"5":4,"6":4,"7":4,"8":1,"9":1,"10":3,"11":0,"12":0,"13":3,"14":3,"15":3},"f":{"0":4,"1":4},"b":{"0":[0],"1":[0,0],"2":[0,0],"3":[0,0],"4":[0,0],"5":[0,0],"6":[0,0],"7":[0,0],"8":[0,0]}}
}
