{"C:\\Users\\padua\\Desktop\\omie-whatsapp-integration\\src\\config\\env.ts": {"path":"C:\\Users\\padua\\Desktop\\omie-whatsapp-integration\\src\\config\\env.ts","statementMap":{"0":{"start":{"line":1,"column":0},"end":{"line":1,"column":28}},"1":{"start":{"line":3,"column":0},"end":{"line":3,"column":16}},"2":{"start":{"line":5,"column":13},"end":{"line":5,"column":59}},"3":{"start":{"line":6,"column":13},"end":{"line":6,"column":65}},"4":{"start":{"line":7,"column":13},"end":{"line":7,"column":67}},"5":{"start":{"line":8,"column":13},"end":{"line":8,"column":67}}},"fnMap":{},"branchMap":{"0":{"loc":{"start":{"line":5,"column":28},"end":{"line":5,"column":58}},"type":"binary-expr","locations":[{"start":{"line":5,"column":28},"end":{"line":5,"column":52}},{"start":{"line":5,"column":56},"end":{"line":5,"column":58}}]},"1":{"loc":{"start":{"line":6,"column":31},"end":{"line":6,"column":64}},"type":"binary-expr","locations":[{"start":{"line":6,"column":31},"end":{"line":6,"column":58}},{"start":{"line":6,"column":62},"end":{"line":6,"column":64}}]},"2":{"loc":{"start":{"line":7,"column":32},"end":{"line":7,"column":66}},"type":"binary-expr","locations":[{"start":{"line":7,"column":32},"end":{"line":7,"column":60}},{"start":{"line":7,"column":64},"end":{"line":7,"column":66}}]},"3":{"loc":{"start":{"line":8,"column":32},"end":{"line":8,"column":66}},"type":"binary-expr","locations":[{"start":{"line":8,"column":32},"end":{"line":8,"column":60}},{"start":{"line":8,"column":64},"end":{"line":8,"column":66}}]}},"s":{"0":2,"1":2,"2":2,"3":2,"4":2,"5":2},"f":{},"b":{"0":[2,0],"1":[2,0],"2":[2,0],"3":[2,0]}}
,"C:\\Users\\padua\\Desktop\\omie-whatsapp-integration\\src\\services\\notificationService.ts": {"path":"C:\\Users\\padua\\Desktop\\omie-whatsapp-integration\\src\\services\\notificationService.ts","statementMap":{"0":{"start":{"line":1,"column":0},"end":{"line":1,"column":46}},"1":{"start":{"line":2,"column":0},"end":{"line":2,"column":51}},"2":{"start":{"line":4,"column":36},"end":{"line":27,"column":2}},"3":{"start":{"line":4,"column":47},"end":{"line":27,"column":2}},"4":{"start":{"line":5,"column":18},"end":{"line":5,"column":39}},"5":{"start":{"line":7,"column":2},"end":{"line":26,"column":3}},"6":{"start":{"line":8,"column":18},"end":{"line":8,"column":20}},"7":{"start":{"line":10,"column":4},"end":{"line":20,"column":5}},"8":{"start":{"line":12,"column":8},"end":{"line":12,"column":76}},"9":{"start":{"line":13,"column":8},"end":{"line":13,"column":14}},"10":{"start":{"line":15,"column":8},"end":{"line":15,"column":88}},"11":{"start":{"line":16,"column":8},"end":{"line":16,"column":14}},"12":{"start":{"line":18,"column":8},"end":{"line":18,"column":111}},"13":{"start":{"line":19,"column":8},"end":{"line":19,"column":14}},"14":{"start":{"line":22,"column":4},"end":{"line":25,"column":5}},"15":{"start":{"line":23,"column":6},"end":{"line":23,"column":61}},"16":{"start":{"line":24,"column":6},"end":{"line":24,"column":88}},"17":{"start":{"line":4,"column":13},"end":{"line":4,"column":36}}},"fnMap":{"0":{"name":"(anonymous_7)","decl":{"start":{"line":4,"column":36},"end":{"line":4,"column":45}},"loc":{"start":{"line":4,"column":47},"end":{"line":27,"column":2}}},"1":{"name":"(anonymous_8)","decl":{"start":{"line":4,"column":47},"end":{"line":4,"column":null}},"loc":{"start":{"line":4,"column":47},"end":{"line":27,"column":1}}}},"branchMap":{"0":{"loc":{"start":{"line":10,"column":4},"end":{"line":20,"column":5}},"type":"switch","locations":[{"start":{"line":11,"column":6},"end":{"line":13,"column":14}},{"start":{"line":14,"column":6},"end":{"line":16,"column":14}},{"start":{"line":17,"column":6},"end":{"line":19,"column":14}}]},"1":{"loc":{"start":{"line":22,"column":4},"end":{"line":25,"column":5}},"type":"if","locations":[{"start":{"line":22,"column":4},"end":{"line":25,"column":5}}]}},"s":{"0":1,"1":1,"2":1,"3":2,"4":2,"5":2,"6":2,"7":2,"8":1,"9":1,"10":0,"11":0,"12":0,"13":0,"14":2,"15":1,"16":1,"17":1},"f":{"0":2,"1":2},"b":{"0":[1,0,0],"1":[1]}}
,"C:\\Users\\padua\\Desktop\\omie-whatsapp-integration\\src\\services\\omieService.ts": {"path":"C:\\Users\\padua\\Desktop\\omie-whatsapp-integration\\src\\services\\omieService.ts","statementMap":{"0":{"start":{"line":1,"column":0},"end":{"line":1,"column":26}},"1":{"start":{"line":3,"column":29},"end":{"line":13,"column":2}},"2":{"start":{"line":3,"column":40},"end":{"line":13,"column":2}},"3":{"start":{"line":4,"column":2},"end":{"line":12,"column":3}},"4":{"start":{"line":5,"column":21},"end":{"line":7,"column":6}},"5":{"start":{"line":8,"column":4},"end":{"line":8,"column":25}},"6":{"start":{"line":10,"column":4},"end":{"line":10,"column":47}},"7":{"start":{"line":11,"column":4},"end":{"line":11,"column":59}},"8":{"start":{"line":3,"column":13},"end":{"line":3,"column":29}}},"fnMap":{"0":{"name":"(anonymous_8)","decl":{"start":{"line":3,"column":29},"end":{"line":3,"column":38}},"loc":{"start":{"line":3,"column":40},"end":{"line":13,"column":2}}},"1":{"name":"(anonymous_9)","decl":{"start":{"line":3,"column":40},"end":{"line":3,"column":null}},"loc":{"start":{"line":3,"column":40},"end":{"line":13,"column":1}}}},"branchMap":{},"s":{"0":2,"1":2,"2":2,"3":2,"4":2,"5":1,"6":1,"7":1,"8":2},"f":{"0":2,"1":2},"b":{}}
,"C:\\Users\\padua\\Desktop\\omie-whatsapp-integration\\src\\services\\whatsappService.ts": {"path":"C:\\Users\\padua\\Desktop\\omie-whatsapp-integration\\src\\services\\whatsappService.ts","statementMap":{"0":{"start":{"line":1,"column":0},"end":{"line":1,"column":42}},"1":{"start":{"line":2,"column":0},"end":{"line":2,"column":67}},"2":{"start":{"line":11,"column":30},"end":{"line":44,"column":2}},"3":{"start":{"line":14,"column":31},"end":{"line":44,"column":2}},"4":{"start":{"line":15,"column":15},"end":{"line":19,"column":4}},"5":{"start":{"line":21,"column":2},"end":{"line":43,"column":3}},"6":{"start":{"line":22,"column":21},"end":{"line":24,"column":6}},"7":{"start":{"line":26,"column":4},"end":{"line":26,"column":25}},"8":{"start":{"line":28,"column":4},"end":{"line":39,"column":5}},"9":{"start":{"line":29,"column":6},"end":{"line":32,"column":8}},"10":{"start":{"line":35,"column":6},"end":{"line":38,"column":8}},"11":{"start":{"line":41,"column":4},"end":{"line":41,"column":47}},"12":{"start":{"line":42,"column":4},"end":{"line":42,"column":52}},"13":{"start":{"line":11,"column":13},"end":{"line":11,"column":30}}},"fnMap":{"0":{"name":"(anonymous_8)","decl":{"start":{"line":11,"column":30},"end":{"line":11,"column":null}},"loc":{"start":{"line":14,"column":31},"end":{"line":44,"column":2}}},"1":{"name":"(anonymous_9)","decl":{"start":{"line":14,"column":31},"end":{"line":14,"column":null}},"loc":{"start":{"line":14,"column":31},"end":{"line":44,"column":1}}}},"branchMap":{"0":{"loc":{"start":{"line":28,"column":4},"end":{"line":39,"column":5}},"type":"if","locations":[{"start":{"line":28,"column":4},"end":{"line":39,"column":5}}]},"1":{"loc":{"start":{"line":31,"column":8},"end":{"line":31,"column":45}},"type":"binary-expr","locations":[{"start":{"line":31,"column":8},"end":{"line":31,"column":28}},{"start":{"line":31,"column":32},"end":{"line":31,"column":45}}]},"2":{"loc":{"start":{"line":31,"column":8},"end":{"line":31,"column":28}},"type":"cond-expr","locations":[{"start":{"line":31,"column":22},"end":{"line":31,"column":24}},{"start":{"line":31,"column":22},"end":{"line":31,"column":28}}]},"3":{"loc":{"start":{"line":31,"column":8},"end":{"line":31,"column":24}},"type":"binary-expr","locations":[{"start":{"line":31,"column":8},"end":{"line":31,"column":24}},{"start":{"line":31,"column":22},"end":{"line":31,"column":24}}]},"4":{"loc":{"start":{"line":37,"column":15},"end":{"line":37,"column":59}},"type":"binary-expr","locations":[{"start":{"line":37,"column":15},"end":{"line":37,"column":42}},{"start":{"line":37,"column":46},"end":{"line":37,"column":59}}]},"5":{"loc":{"start":{"line":37,"column":15},"end":{"line":37,"column":42}},"type":"cond-expr","locations":[{"start":{"line":37,"column":35},"end":{"line":37,"column":37}},{"start":{"line":37,"column":35},"end":{"line":37,"column":42}}]},"6":{"loc":{"start":{"line":37,"column":15},"end":{"line":37,"column":37}},"type":"binary-expr","locations":[{"start":{"line":37,"column":15},"end":{"line":37,"column":37}},{"start":{"line":37,"column":35},"end":{"line":37,"column":37}}]},"7":{"loc":{"start":{"line":37,"column":15},"end":{"line":37,"column":35}},"type":"cond-expr","locations":[{"start":{"line":37,"column":29},"end":{"line":37,"column":31}},{"start":{"line":37,"column":29},"end":{"line":37,"column":35}}]},"8":{"loc":{"start":{"line":37,"column":15},"end":{"line":37,"column":31}},"type":"binary-expr","locations":[{"start":{"line":37,"column":15},"end":{"line":37,"column":31}},{"start":{"line":37,"column":29},"end":{"line":37,"column":31}}]}},"s":{"0":2,"1":2,"2":2,"3":2,"4":2,"5":2,"6":2,"7":1,"8":1,"9":0,"10":0,"11":1,"12":1,"13":2},"f":{"0":2,"1":2},"b":{"0":[0],"1":[0,0],"2":[0,0],"3":[0,0],"4":[0,0],"5":[0,0],"6":[0,0],"7":[0,0],"8":[0,0]}}
}
