TN:
SF:src\config\env.ts
FNF:0
FNH:0
DA:1,3
DA:3,3
DA:5,3
DA:6,3
DA:7,3
DA:8,3
LF:6
LH:6
BRDA:5,0,0,3
BRDA:5,0,1,0
BRDA:6,1,0,3
BRDA:6,1,1,0
BRDA:7,2,0,3
BRDA:7,2,1,0
BRDA:8,3,0,3
BRDA:8,3,1,0
BRF:8
BRH:4
end_of_record
TN:
SF:src\services\notificationLogic.ts
FN:5,(anonymous_7)
FN:10,(anonymous_8)
FNF:2
FNH:2
FNDA:3,(anonymous_7)
FNDA:3,(anonymous_8)
DA:1,1
DA:2,1
DA:5,1
DA:10,3
DA:11,3
DA:12,3
DA:13,3
DA:14,2
DA:16,2
DA:18,2
DA:19,1
DA:20,1
DA:21,0
DA:23,1
DA:24,1
DA:27,1
DA:28,1
DA:29,1
DA:30,1
DA:32,1
DA:33,1
LF:21
LH:20
BRDA:8,0,0,0
BRDA:9,1,0,0
BRDA:18,2,0,1
BRDA:18,2,1,1
BRDA:20,3,0,0
BRDA:20,3,1,1
BRF:6
BRH:3
end_of_record
TN:
SF:src\services\notificationService.ts
FN:5,(anonymous_7)
FN:5,(anonymous_8)
FNF:2
FNH:2
FNDA:2,(anonymous_7)
FNDA:2,(anonymous_8)
DA:1,1
DA:2,1
DA:5,2
DA:6,2
DA:7,2
DA:9,2
DA:10,2
DA:11,2
DA:13,2
DA:15,1
DA:16,1
DA:18,0
DA:19,0
DA:21,0
DA:22,0
DA:24,1
DA:25,1
DA:28,1
DA:30,1
DA:31,1
DA:32,1
LF:21
LH:17
BRDA:13,0,0,1
BRDA:13,0,1,0
BRDA:13,0,2,0
BRDA:13,0,3,1
BRDA:28,1,0,1
BRF:5
BRH:3
end_of_record
TN:
SF:src\services\omieService.ts
FN:10,(anonymous_8)
FN:10,(anonymous_9)
FN:30,(anonymous_10)
FN:30,(anonymous_11)
FN:60,(anonymous_12)
FN:60,(anonymous_13)
FN:78,(anonymous_14)
FN:78,(anonymous_15)
FN:96,(anonymous_16)
FN:96,(anonymous_17)
FNF:10
FNH:8
FNDA:2,(anonymous_8)
FNDA:2,(anonymous_9)
FNDA:0,(anonymous_10)
FNDA:0,(anonymous_11)
FNDA:2,(anonymous_12)
FNDA:2,(anonymous_13)
FNDA:2,(anonymous_14)
FNDA:2,(anonymous_15)
FNDA:2,(anonymous_16)
FNDA:2,(anonymous_17)
DA:2,3
DA:4,3
DA:5,3
DA:7,3
DA:10,3
DA:11,2
DA:18,2
DA:19,2
DA:20,2
DA:21,1
DA:22,1
DA:24,1
DA:25,1
DA:30,3
DA:31,0
DA:38,0
DA:39,0
DA:40,0
DA:41,0
DA:43,0
DA:44,0
DA:45,0
DA:47,0
DA:50,0
DA:51,0
DA:52,0
DA:54,0
DA:55,0
DA:60,3
DA:61,2
DA:68,2
DA:69,2
DA:70,1
DA:72,1
DA:73,1
DA:78,3
DA:79,2
DA:86,2
DA:87,2
DA:88,1
DA:90,1
DA:91,1
DA:96,3
DA:97,2
DA:104,2
DA:105,2
DA:106,1
DA:108,1
DA:109,1
LF:49
LH:35
BRDA:43,0,0,0
BRDA:43,0,1,0
BRDA:50,1,0,0
BRDA:51,2,0,0
BRDA:51,2,1,0
BRDA:51,3,0,0
BRDA:51,3,1,0
BRDA:51,4,0,0
BRDA:51,4,1,0
BRF:9
BRH:0
end_of_record
TN:
SF:src\services\whatsappService.ts
FN:11,(anonymous_8)
FN:14,(anonymous_9)
FNF:2
FNH:2
FNDA:4,(anonymous_8)
FNDA:4,(anonymous_9)
DA:1,3
DA:2,3
DA:11,3
DA:14,4
DA:15,4
DA:21,4
DA:22,4
DA:23,4
DA:27,1
DA:28,1
DA:30,3
DA:31,0
DA:37,0
DA:43,3
DA:44,3
LF:15
LH:13
BRDA:30,0,0,0
BRDA:33,1,0,0
BRDA:33,1,1,0
BRDA:33,2,0,0
BRDA:33,2,1,0
BRDA:33,3,0,0
BRDA:33,3,1,0
BRDA:39,4,0,0
BRDA:39,4,1,0
BRDA:39,5,0,0
BRDA:39,5,1,0
BRDA:39,6,0,0
BRDA:39,6,1,0
BRDA:39,7,0,0
BRDA:39,7,1,0
BRDA:39,8,0,0
BRDA:39,8,1,0
BRF:17
BRH:0
end_of_record
